2025-01-17 13:38:34,688 - WARNING - Questo e' un allenamento. Sono disattivati il sorting e i punteggi
2025-01-17 13:42:10,830 - WARNING - Il capitano "FeiXiang Li (01)" ha impostato il jolly della squadra sul problema 23
2025-01-17 13:47:02,399 - WARNING - La squadra "Delia Zinna (06)" ha consegnato 5814 sul problema 1. Questo risultato e' sbagliato.
2025-01-17 13:47:02,399 - WARNING - Incrementato di 0 punti il valore del problema 1 a seguito dell'errore
2025-01-17 13:47:22,099 - WARNING - La squadra "Mariafrancesca Dieta (07)" ha consegnato 5814 sul problema 1. Questo risultato e' sbagliato.
2025-01-17 13:47:22,100 - WARNING - Incrementato di 0 punti il valore del problema 1 a seguito dell'errore
2025-01-17 13:48:03,776 - WARNING - La squadra "Raquel Caserza (04)" ha consegnato 99 sul problema 5. Questo risultato e' giusto.
2025-01-17 13:48:18,753 - WARNING - La squadra "Aurora Gobbi (05)" ha consegnato 99 sul problema 5. Questo risultato e' giusto.
2025-01-17 13:48:32,698 - WARNING - La squadra "Letizia Solari (03)" ha consegnato 12 sul problema 2. Questo risultato e' sbagliato.
2025-01-17 13:48:32,698 - WARNING - Incrementato di 0 punti il valore del problema 2 a seguito dell'errore
2025-01-17 13:49:14,017 - WARNING - La squadra "Raquel Caserza (04)" ha consegnato 505 sul problema 4. Questo risultato e' sbagliato.
2025-01-17 13:49:14,017 - WARNING - Incrementato di 0 punti il valore del problema 4 a seguito dell'errore
2025-01-17 13:49:27,228 - WARNING - La squadra "Aurora Gobbi (05)" ha consegnato 505 sul problema 4. Questo risultato e' sbagliato.
2025-01-17 13:49:27,229 - WARNING - Incrementato di 0 punti il valore del problema 4 a seguito dell'errore
2025-01-17 13:51:47,969 - WARNING - La squadra "Delia Zinna (06)" ha consegnato 969 sul problema 1. Questo risultato e' sbagliato.
2025-01-17 13:51:57,632 - WARNING - La squadra "Mariafrancesca Dieta (07)" ha consegnato 969 sul problema 1. Questo risultato e' sbagliato.
2025-01-17 13:55:37,649 - WARNING - La squadra "Letizia Solari (03)" ha consegnato 88 sul problema 2. Questo risultato e' giusto.
2025-01-17 13:55:49,685 - WARNING - La squadra "Ginevra Tamborra (02)" ha consegnato 88 sul problema 2. Questo risultato e' giusto.
2025-01-17 13:56:58,356 - WARNING - La squadra "FeiXiang Li (01)" ha consegnato 294 sul problema 15. Questo risultato e' sbagliato.
2025-01-17 13:56:58,356 - WARNING - Incrementato di 0 punti il valore del problema 15 a seguito dell'errore
2025-01-17 13:57:40,911 - WARNING - La squadra "FeiXiang Li (01)" ha consegnato 295 sul problema 15. Questo risultato e' giusto.
2025-01-17 14:01:21,653 - WARNING - La squadra "Ginevra Tamborra (02)" ha consegnato 1015 sul problema 3. Questo risultato e' sbagliato.
2025-01-17 14:01:21,654 - WARNING - Incrementato di 0 punti il valore del problema 3 a seguito dell'errore
2025-01-17 14:01:53,992 - WARNING - La squadra "Letizia Solari (03)" ha consegnato 1015 sul problema 3. Questo risultato e' sbagliato.
2025-01-17 14:01:53,992 - WARNING - Incrementato di 0 punti il valore del problema 3 a seguito dell'errore
2025-01-17 14:03:48,012 - WARNING - La squadra "Letizia Solari (03)" ha consegnato 2019 sul problema 3. Questo risultato e' sbagliato.
2025-01-17 14:03:55,978 - WARNING - La squadra "Ginevra Tamborra (02)" ha consegnato 2019 sul problema 3. Questo risultato e' sbagliato.
2025-01-17 14:06:47,424 - WARNING - La squadra "Ginevra Tamborra (02)" ha consegnato 2018 sul problema 3. Questo risultato e' sbagliato.
2025-01-17 14:07:02,231 - WARNING - La squadra "Letizia Solari (03)" ha consegnato 2018 sul problema 3. Questo risultato e' sbagliato.
2025-01-17 14:12:54,498 - WARNING - La squadra "FeiXiang Li (01)" ha consegnato 5 sul problema 4. Questo risultato e' giusto.
2025-01-17 14:13:19,918 - WARNING - La squadra "Delia Zinna (06)" ha consegnato 5 sul problema 4. Questo risultato e' giusto.
2025-01-17 14:13:31,408 - WARNING - La squadra "Mariafrancesca Dieta (07)" ha consegnato 5 sul problema 4. Questo risultato e' giusto.
2025-01-17 14:17:44,967 - WARNING - La squadra "Letizia Solari (03)" ha consegnato 1014 sul problema 3. Questo risultato e' sbagliato.
2025-01-17 14:18:35,952 - WARNING - La squadra "FeiXiang Li (01)" ha consegnato 100 sul problema 17. Questo risultato e' giusto.
2025-01-17 14:21:38,534 - WARNING - La squadra "Delia Zinna (06)" ha consegnato 4 sul problema 6. Questo risultato e' sbagliato.
2025-01-17 14:21:38,534 - WARNING - Incrementato di 0 punti il valore del problema 6 a seguito dell'errore
2025-01-17 14:21:48,072 - WARNING - La squadra "Mariafrancesca Dieta (07)" ha consegnato 4 sul problema 6. Questo risultato e' sbagliato.
2025-01-17 14:21:48,072 - WARNING - Incrementato di 0 punti il valore del problema 6 a seguito dell'errore
2025-01-17 14:22:05,352 - WARNING - La squadra "Delia Zinna (06)" ha consegnato 7 sul problema 6. Questo risultato e' sbagliato.
2025-01-17 14:22:17,348 - WARNING - La squadra "Mariafrancesca Dieta (07)" ha consegnato 7 sul problema 6. Questo risultato e' sbagliato.
2025-01-17 14:23:27,675 - WARNING - La squadra "FeiXiang Li (01)" ha consegnato 111 sul problema 6. Questo risultato e' sbagliato.
2025-01-17 14:23:27,676 - WARNING - Incrementato di 0 punti il valore del problema 6 a seguito dell'errore
2025-01-17 14:23:39,696 - WARNING - La squadra "Delia Zinna (06)" ha consegnato 111 sul problema 6. Questo risultato e' sbagliato.
2025-01-17 14:23:49,477 - WARNING - La squadra "Mariafrancesca Dieta (07)" ha consegnato 111 sul problema 6. Questo risultato e' sbagliato.
2025-01-17 14:25:10,161 - WARNING - La squadra "Delia Zinna (06)" ha consegnato 113 sul problema 6. Questo risultato e' giusto.
2025-01-17 14:25:22,972 - WARNING - La squadra "Mariafrancesca Dieta (07)" ha consegnato 113 sul problema 6. Questo risultato e' giusto.
2025-01-17 14:28:17,320 - WARNING - La squadra "Letizia Solari (03)" ha consegnato 11 sul problema 8. Questo risultato e' giusto.
2025-01-17 14:37:55,169 - WARNING - La squadra "Letizia Solari (03)" ha consegnato 4 sul problema 10. Questo risultato e' giusto.
2025-01-17 14:38:05,660 - WARNING - La squadra "FeiXiang Li (01)" ha consegnato 4 sul problema 10. Questo risultato e' giusto.
2025-01-17 14:38:29,792 - WARNING - La squadra "Ginevra Tamborra (02)" ha consegnato 271 sul problema 14. Questo risultato e' giusto.
2025-01-17 14:38:39,184 - WARNING - La squadra "FeiXiang Li (01)" ha consegnato 271 sul problema 14. Questo risultato e' giusto.
2025-01-17 14:41:12,747 - WARNING - La squadra "Ginevra Tamborra (02)" ha consegnato 1010 sul problema 3. Questo risultato e' giusto.
2025-01-17 14:41:26,494 - WARNING - La squadra "FeiXiang Li (01)" ha consegnato 51 sul problema 23. Questo risultato e' sbagliato.
2025-01-17 14:41:26,494 - WARNING - Incrementato di 0 punti il valore del problema 23 a seguito dell'errore
2025-01-17 14:41:56,258 - WARNING - La squadra "Letizia Solari (03)" ha consegnato 1010 sul problema 3. Questo risultato e' giusto.
2025-01-17 14:48:02,424 - WARNING - La squadra "Ginevra Tamborra (02)" ha consegnato 816 sul problema 1. Questo risultato e' sbagliato.
2025-01-17 14:48:02,425 - WARNING - Incrementato di 0 punti il valore del problema 1 a seguito dell'errore
2025-01-17 14:48:35,519 - WARNING - La squadra "Mariafrancesca Dieta (07)" ha consegnato 3060 sul problema 9. Questo risultato e' sbagliato.
2025-01-17 14:48:35,520 - WARNING - Incrementato di 0 punti il valore del problema 9 a seguito dell'errore
2025-01-17 14:48:47,815 - WARNING - La squadra "Letizia Solari (03)" ha consegnato 3060 sul problema 9. Questo risultato e' sbagliato.
2025-01-17 14:48:47,815 - WARNING - Incrementato di 0 punti il valore del problema 9 a seguito dell'errore
2025-01-17 14:49:03,081 - WARNING - La squadra "FeiXiang Li (01)" ha consegnato 4896 sul problema 1. Questo risultato e' giusto.
2025-01-17 14:49:40,122 - WARNING - La squadra "Ginevra Tamborra (02)" ha consegnato 4896 sul problema 1. Questo risultato e' giusto.
2025-01-17 14:57:59,158 - WARNING - La squadra "FeiXiang Li (01)" ha consegnato 95 sul problema 23. Questo risultato e' sbagliato.
2025-01-17 14:58:13,778 - WARNING - La squadra "Raquel Caserza (04)" ha consegnato 95 sul problema 23. Questo risultato e' sbagliato.
2025-01-17 14:58:13,778 - WARNING - Incrementato di 0 punti il valore del problema 23 a seguito dell'errore
2025-01-17 15:00:10,389 - WARNING - La squadra "FeiXiang Li (01)" ha consegnato 96 sul problema 23. Questo risultato e' giusto.
2025-01-17 15:00:25,264 - WARNING - La squadra "Raquel Caserza (04)" ha consegnato 96 sul problema 23. Questo risultato e' giusto.
2025-01-17 15:03:30,270 - WARNING - La squadra "FeiXiang Li (01)" ha consegnato 11 sul problema 7. Questo risultato e' giusto.
2025-01-17 15:09:43,302 - WARNING - La squadra "Ginevra Tamborra (02)" ha consegnato 394 sul problema 11. Questo risultato e' giusto.
2025-01-17 15:09:54,164 - WARNING - La squadra "Letizia Solari (03)" ha consegnato 394 sul problema 11. Questo risultato e' giusto.
2025-01-17 15:10:39,678 - WARNING - La squadra "FeiXiang Li (01)" ha consegnato 2070 sul problema 9. Questo risultato e' sbagliato.
2025-01-17 15:10:39,678 - WARNING - Incrementato di 0 punti il valore del problema 9 a seguito dell'errore
2025-01-17 15:10:52,642 - WARNING - La squadra "Mariafrancesca Dieta (07)" ha consegnato 2070 sul problema 11. Questo risultato e' sbagliato.
2025-01-17 15:10:52,642 - WARNING - Incrementato di 0 punti il valore del problema 11 a seguito dell'errore
2025-01-17 15:15:00,151 - WARNING - La squadra "FeiXiang Li (01)" ha consegnato 3042 sul problema 9. Questo risultato e' sbagliato.
2025-01-17 15:15:11,198 - WARNING - La squadra "Mariafrancesca Dieta (07)" ha consegnato 3042 sul problema 9. Questo risultato e' sbagliato.
2025-01-17 15:15:42,321 - WARNING - La squadra "Aurora Gobbi (05)" ha consegnato 5 sul problema 12. Questo risultato e' giusto.
2025-01-17 15:15:50,952 - WARNING - La squadra "Raquel Caserza (04)" ha consegnato 5 sul problema 12. Questo risultato e' giusto.
2025-01-17 15:30:23,218 - WARNING - La squadra "Ginevra Tamborra (02)" ha consegnato 1225 sul problema 13. Questo risultato e' giusto.
2025-01-17 15:30:34,321 - WARNING - La squadra "Letizia Solari (03)" ha consegnato 1225 sul problema 13. Questo risultato e' giusto.
2025-01-17 15:33:36,193 - WARNING - Classifica oscurata
2025-01-17 15:35:43,876 - WARNING - La squadra "FeiXiang Li (01)" ha consegnato 69 sul problema 20. Questo risultato e' sbagliato.
2025-01-17 15:35:43,876 - WARNING - Incrementato di 0 punti il valore del problema 20 a seguito dell'errore
2025-01-17 15:37:51,174 - WARNING - La squadra "FeiXiang Li (01)" ha consegnato 70 sul problema 20. Questo risultato e' sbagliato.
2025-01-17 15:38:01,923 - WARNING - La squadra "Raquel Caserza (04)" ha consegnato 70 sul problema 20. Questo risultato e' sbagliato.
2025-01-17 15:38:01,924 - WARNING - Incrementato di 0 punti il valore del problema 20 a seguito dell'errore
2025-01-17 15:38:35,875 - WARNING - Allenamento terminato
